  DNASimilarityTool.cpp
C:\Users\Tony\Documents\GitHub\box\College\Computing 4 Assignments\ps3\DNASimilarityTool.cpp(1,30): error C2143: syntax error: missing ';' before '^'
C:\Users\Tony\Documents\GitHub\box\College\Computing 4 Assignments\ps3\DNASimilarityTool.cpp(1,31): error C3193: '^': requires '/clr' or '/ZW' command line option
C:\Users\Tony\Documents\GitHub\box\College\Computing 4 Assignments\ps3\DNASimilarityTool.cpp(1,35): error C3193: '^': requires '/clr' or '/ZW' command line option
C:\Users\Tony\Documents\GitHub\box\College\Computing 4 Assignments\ps3\DNASimilarityTool.cpp(1,37): error C2017: illegal escape sequence
C:\Users\Tony\Documents\GitHub\box\College\Computing 4 Assignments\ps3\DNASimilarityTool.cpp(1,39): error C2017: illegal escape sequence
C:\Users\Tony\Documents\GitHub\box\College\Computing 4 Assignments\ps3\DNASimilarityTool.cpp(1,40): error C2014: preprocessor command must start as first nonwhite space
C:\Users\Tony\Documents\GitHub\box\College\Computing 4 Assignments\ps3\DNASimilarityTool.cpp(2,1): error C2059: syntax error: '['
C:\Users\Tony\Documents\GitHub\box\College\Computing 4 Assignments\ps3\DNASimilarityTool.cpp(2,1): error C2143: syntax error: missing ')' before ';'
