  hw7.cpp
C:\Users\Tony\Documents\GitHub\box\College\Computing 3 Assignments\HW07\hw7.cpp(11,10): error C4430: missing type specifier - int assumed. Note: C++ does not support default-int
C:\Users\Tony\Documents\GitHub\box\College\Computing 3 Assignments\HW07\hw7.cpp(11,24): error C2146: syntax error: missing ')' before identifier 'name'
C:\Users\Tony\Documents\GitHub\box\College\Computing 3 Assignments\HW07\hw7.cpp(11,10): error C3646: 'name': unknown override specifier
C:\Users\Tony\Documents\GitHub\box\College\Computing 3 Assignments\HW07\hw7.cpp(11,10): error C2059: syntax error: ')'
C:\Users\Tony\Documents\GitHub\box\College\Computing 3 Assignments\HW07\hw7.cpp(12,10): error C4430: missing type specifier - int assumed. Note: C++ does not support default-int
C:\Users\Tony\Documents\GitHub\box\College\Computing 3 Assignments\HW07\hw7.cpp(12,24): error C2146: syntax error: missing ')' before identifier 'name'
C:\Users\Tony\Documents\GitHub\box\College\Computing 3 Assignments\HW07\hw7.cpp(12,10): error C3646: 'name': unknown override specifier
C:\Users\Tony\Documents\GitHub\box\College\Computing 3 Assignments\HW07\hw7.cpp(12,10): error C2535: 'Movie::Movie(const int)': member function already defined or declared
C:\Users\Tony\Documents\GitHub\box\College\Computing 3 Assignments\HW07\hw7.cpp(11): message : see declaration of 'Movie::Movie'
C:\Users\Tony\Documents\GitHub\box\College\Computing 3 Assignments\HW07\hw7.cpp(12,10): error C2062: type 'int' unexpected
C:\Users\Tony\Documents\GitHub\box\College\Computing 3 Assignments\HW07\hw7.cpp(13,28): error C4430: missing type specifier - int assumed. Note: C++ does not support default-int
C:\Users\Tony\Documents\GitHub\box\College\Computing 3 Assignments\HW07\hw7.cpp(13,28): error C2146: syntax error: missing ')' before identifier 'fileName'
C:\Users\Tony\Documents\GitHub\box\College\Computing 3 Assignments\HW07\hw7.cpp(13,36): error C3646: 'fileName': unknown override specifier
C:\Users\Tony\Documents\GitHub\box\College\Computing 3 Assignments\HW07\hw7.cpp(13,36): error C2059: syntax error: ')'
C:\Users\Tony\Documents\GitHub\box\College\Computing 3 Assignments\HW07\hw7.cpp(16,8): error C2143: syntax error: missing ';' before '<'
C:\Users\Tony\Documents\GitHub\box\College\Computing 3 Assignments\HW07\hw7.cpp(16,8): error C4430: missing type specifier - int assumed. Note: C++ does not support default-int
C:\Users\Tony\Documents\GitHub\box\College\Computing 3 Assignments\HW07\hw7.cpp(16,49): error C2059: syntax error: ')'
C:\Users\Tony\Documents\GitHub\box\College\Computing 3 Assignments\HW07\hw7.cpp(16,61): error C2238: unexpected token(s) preceding ';'
C:\Users\Tony\Documents\GitHub\box\College\Computing 3 Assignments\HW07\hw7.cpp(21,11): error C2039: 'movieMap': is not a member of 'Movie'
C:\Users\Tony\Documents\GitHub\box\College\Computing 3 Assignments\HW07\hw7.cpp(8): message : see declaration of 'Movie'
C:\Users\Tony\Documents\GitHub\box\College\Computing 3 Assignments\HW07\hw7.cpp(21,27): error C3861: 'make_pair': identifier not found
C:\Users\Tony\Documents\GitHub\box\College\Computing 3 Assignments\HW07\hw7.cpp(21,42): error C2065: 'map': undeclared identifier
C:\Users\Tony\Documents\GitHub\box\College\Computing 3 Assignments\HW07\hw7.cpp(21,53): error C2059: syntax error: ')'
C:\Users\Tony\Documents\GitHub\box\College\Computing 3 Assignments\HW07\hw7.cpp(21,54): error C2059: syntax error: ')'
C:\Users\Tony\Documents\GitHub\box\College\Computing 3 Assignments\HW07\hw7.cpp(23,14): error C2065: 'string': undeclared identifier
C:\Users\Tony\Documents\GitHub\box\College\Computing 3 Assignments\HW07\hw7.cpp(23,21): error C2146: syntax error: missing ')' before identifier 'name'
C:\Users\Tony\Documents\GitHub\box\College\Computing 3 Assignments\HW07\hw7.cpp(23,27): error C2143: syntax error: missing ';' before '{'
C:\Users\Tony\Documents\GitHub\box\College\Computing 3 Assignments\HW07\hw7.cpp(23,27): error C2447: '{': missing function header (old-style formal list?)
C:\Users\Tony\Documents\GitHub\box\College\Computing 3 Assignments\HW07\hw7.cpp(26,27): error C4430: missing type specifier - int assumed. Note: C++ does not support default-int
C:\Users\Tony\Documents\GitHub\box\College\Computing 3 Assignments\HW07\hw7.cpp(26,27): error C2146: syntax error: missing ')' before identifier 'name'
C:\Users\Tony\Documents\GitHub\box\College\Computing 3 Assignments\HW07\hw7.cpp(26,31): error C3646: 'name': unknown override specifier
C:\Users\Tony\Documents\GitHub\box\College\Computing 3 Assignments\HW07\hw7.cpp(26,31): error C2761: '{ctor}': redeclaration of member is not allowed
C:\Users\Tony\Documents\GitHub\box\College\Computing 3 Assignments\HW07\hw7.cpp(26,43): error C2062: type 'int' unexpected
C:\Users\Tony\Documents\GitHub\box\College\Computing 3 Assignments\HW07\hw7.cpp(26,49): error C2059: syntax error: ')'
C:\Users\Tony\Documents\GitHub\box\College\Computing 3 Assignments\HW07\hw7.cpp(26,51): error C2143: syntax error: missing ';' before '{'
C:\Users\Tony\Documents\GitHub\box\College\Computing 3 Assignments\HW07\hw7.cpp(26,51): error C2447: '{': missing function header (old-style formal list?)
C:\Users\Tony\Documents\GitHub\box\College\Computing 3 Assignments\HW07\hw7.cpp(33,31): error C4430: missing type specifier - int assumed. Note: C++ does not support default-int
C:\Users\Tony\Documents\GitHub\box\College\Computing 3 Assignments\HW07\hw7.cpp(33,31): error C2146: syntax error: missing ')' before identifier 'fileName'
C:\Users\Tony\Documents\GitHub\box\College\Computing 3 Assignments\HW07\hw7.cpp(33,39): error C3646: 'fileName': unknown override specifier
C:\Users\Tony\Documents\GitHub\box\College\Computing 3 Assignments\HW07\hw7.cpp(33,39): error C2059: syntax error: ')'
C:\Users\Tony\Documents\GitHub\box\College\Computing 3 Assignments\HW07\hw7.cpp(34,5): error C2065: 'ofstream': undeclared identifier
C:\Users\Tony\Documents\GitHub\box\College\Computing 3 Assignments\HW07\hw7.cpp(34,14): error C2146: syntax error: missing ';' before identifier 'file'
C:\Users\Tony\Documents\GitHub\box\College\Computing 3 Assignments\HW07\hw7.cpp(34,19): error C2065: 'fileName': undeclared identifier
C:\Users\Tony\Documents\GitHub\box\College\Computing 3 Assignments\HW07\hw7.cpp(34,14): error C3861: 'file': identifier not found
C:\Users\Tony\Documents\GitHub\box\College\Computing 3 Assignments\HW07\hw7.cpp(35,9): error C2065: 'file': undeclared identifier
C:\Users\Tony\Documents\GitHub\box\College\Computing 3 Assignments\HW07\hw7.cpp(36,24): error C2065: 'file': undeclared identifier
C:\Users\Tony\Documents\GitHub\box\College\Computing 3 Assignments\HW07\hw7.cpp(36,30): error C2059: syntax error: ')'
